app/manifest-merger-release-report.txt
-- Merging decision tree log ---
manifest
ADDED from AndroidManifest.xml:2:1
	package
		ADDED from AndroidManifest.xml:3:5
		INJECTED from AndroidManifest.xml:0:0
		INJECTED from AndroidManifest.xml:0:0
	android:versionName
		INJECTED from AndroidManifest.xml:0:0
		INJECTED from AndroidManifest.xml:0:0
	xmlns:android
		ADDED from AndroidManifest.xml:2:11
	android:versionCode
		INJECTED from AndroidManifest.xml:0:0
		INJECTED from AndroidManifest.xml:0:0
uses-permission#android.permission.INTERNET
ADDED from AndroidManifest.xml:5:5
	android:name
		ADDED from AndroidManifest.xml:5:22
uses-permission#android.permission.ACCESS_NETWORK_STATE
ADDED from AndroidManifest.xml:6:5
	android:name
		ADDED from AndroidManifest.xml:6:22
uses-permission#android.permission.AUTHENTICATE_ACCOUNTS
ADDED from AndroidManifest.xml:7:5
	android:name
		ADDED from AndroidManifest.xml:7:22
uses-permission#android.permission.USE_CREDENTIALS
ADDED from AndroidManifest.xml:8:5
	android:name
		ADDED from AndroidManifest.xml:8:22
uses-permission#android.permission.GET_ACCOUNTS
ADDED from AndroidManifest.xml:9:5
	android:name
		ADDED from AndroidManifest.xml:9:22
uses-permission#android.permission.MANAGE_ACCOUNTS
ADDED from AndroidManifest.xml:10:5
	android:name
		ADDED from AndroidManifest.xml:10:22
uses-permission#android.permission.READ_SYNC_SETTINGS
ADDED from AndroidManifest.xml:11:5
	android:name
		ADDED from AndroidManifest.xml:11:22
uses-permission#android.permission.WRITE_SYNC_SETTINGS
ADDED from AndroidManifest.xml:12:5
	android:name
		ADDED from AndroidManifest.xml:12:22
uses-permission#android.permission.READ_SYNC_STATS
ADDED from AndroidManifest.xml:13:5
	android:name
		ADDED from AndroidManifest.xml:13:22
uses-permission#android.permission.ACCESS_WIFI_STATE
ADDED from AndroidManifest.xml:14:5
	android:name
		ADDED from AndroidManifest.xml:14:22
application
ADDED from AndroidManifest.xml:16:5
MERGED from com.android.support:support-v4:21.0.3:16:5
MERGED from com.android.support:appcompat-v7:21.0.3:16:5
MERGED from com.android.support:support-v4:21.0.3:16:5
MERGED from com.android.support:cardview-v7:21.0.3:16:5
MERGED from com.github.johnkil.android-progressfragment:progressfragment:1.4.0:5:5
MERGED from com.android.support:support-v4:21.0.3:16:5
MERGED from com.github.johnpersano:supertoasts:1.3.4.1:5:5
MERGED from com.github.dmytrodanylyk.circular-progress-button:library:1.1.3:12:5
MERGED from com.github.hotchemi:android-rate:0.4.1:10:5
MERGED from it.neokree:MaterialNavigationDrawer:1.2.8:14:5
MERGED from com.github.markushi:android-ui:1.2:9:5
MERGED from com.android.support:appcompat-v7:21.0.3:16:5
MERGED from com.android.support:support-v4:21.0.3:16:5
MERGED from de.halfbit:tinybus:2.1.0:11:5
	android:label
		ADDED from AndroidManifest.xml:20:9
	android:allowBackup
		ADDED from AndroidManifest.xml:18:9
	android:icon
		ADDED from AndroidManifest.xml:19:9
	android:theme
		ADDED from AndroidManifest.xml:21:9
	android:name
		ADDED from AndroidManifest.xml:17:9
meta-data#AA_DB_NAME
ADDED from AndroidManifest.xml:22:9
	android:value
		ADDED from AndroidManifest.xml:24:13
	android:name
		ADDED from AndroidManifest.xml:23:13
meta-data#AA_DB_VERSION
ADDED from AndroidManifest.xml:25:9
	android:value
		ADDED from AndroidManifest.xml:27:13
	android:name
		ADDED from AndroidManifest.xml:26:13
activity#com.thm.unicap.app.MainActivity
ADDED from AndroidManifest.xml:29:9
	android:label
		ADDED from AndroidManifest.xml:32:13
	android:theme
		ADDED from AndroidManifest.xml:31:13
	android:name
		ADDED from AndroidManifest.xml:30:13
intent-filter#android.intent.action.MAIN+android.intent.category.LAUNCHER
ADDED from AndroidManifest.xml:33:13
action#android.intent.action.MAIN
ADDED from AndroidManifest.xml:34:17
	android:name
		ADDED from AndroidManifest.xml:34:25
category#android.intent.category.LAUNCHER
ADDED from AndroidManifest.xml:36:17
	android:name
		ADDED from AndroidManifest.xml:36:27
activity#com.thm.unicap.app.auth.LoginActivity
ADDED from AndroidManifest.xml:39:9
	android:label
		ADDED from AndroidManifest.xml:41:13
	android:noHistory
		ADDED from AndroidManifest.xml:42:13
	android:windowSoftInputMode
		ADDED from AndroidManifest.xml:43:13
	android:name
		ADDED from AndroidManifest.xml:40:13
activity#com.thm.unicap.app.subject.SubjectActivity
ADDED from AndroidManifest.xml:45:9
	android:label
		ADDED from AndroidManifest.xml:47:13
	android:name
		ADDED from AndroidManifest.xml:46:13
activity#com.thm.unicap.app.grade.GradesActivity
ADDED from AndroidManifest.xml:49:9
	android:label
		ADDED from AndroidManifest.xml:51:13
	android:name
		ADDED from AndroidManifest.xml:50:13
service#com.thm.unicap.app.auth.UnicapAuthenticatorService
ADDED from AndroidManifest.xml:54:9
	android:exported
		ADDED from AndroidManifest.xml:54:66
	android:name
		ADDED from AndroidManifest.xml:54:18
intent-filter#android.accounts.AccountAuthenticator
ADDED from AndroidManifest.xml:55:13
action#android.accounts.AccountAuthenticator
ADDED from AndroidManifest.xml:56:17
	android:name
		ADDED from AndroidManifest.xml:56:25
meta-data#android.accounts.AccountAuthenticator
ADDED from AndroidManifest.xml:58:13
	android:resource
		ADDED from AndroidManifest.xml:58:77
	android:name
		ADDED from AndroidManifest.xml:58:24
service#com.thm.unicap.app.sync.UnicapSyncService
ADDED from AndroidManifest.xml:61:9
	android:exported
		ADDED from AndroidManifest.xml:61:57
	android:name
		ADDED from AndroidManifest.xml:61:18
intent-filter#android.content.SyncAdapter
ADDED from AndroidManifest.xml:62:13
action#android.content.SyncAdapter
ADDED from AndroidManifest.xml:63:17
	android:name
		ADDED from AndroidManifest.xml:63:25
meta-data#android.content.SyncAdapter
ADDED from AndroidManifest.xml:65:13
	android:resource
		ADDED from AndroidManifest.xml:65:67
	android:name
		ADDED from AndroidManifest.xml:65:24
provider#com.thm.unicap.app.sync.UnicapContentProvider
ADDED from AndroidManifest.xml:68:9
	android:authorities
		ADDED from AndroidManifest.xml:70:13
	android:syncable
		ADDED from AndroidManifest.xml:72:13
	android:exported
		ADDED from AndroidManifest.xml:71:13
	android:name
		ADDED from AndroidManifest.xml:69:13
meta-data#com.crashlytics.ApiKey
ADDED from AndroidManifest.xml:73:9
	android:value
		ADDED from AndroidManifest.xml:73:58
	android:name
		ADDED from AndroidManifest.xml:73:20
uses-sdk
INJECTED from AndroidManifest.xml:0:0 reason: use-sdk injection requested
MERGED from com.android.support:support-v4:21.0.3:15:5
MERGED from com.android.support:appcompat-v7:21.0.3:15:5
MERGED from com.android.support:support-v4:21.0.3:15:5
MERGED from com.android.support:cardview-v7:21.0.3:15:5
MERGED from com.github.johnkil.android-progressfragment:progressfragment:1.4.0:3:5
MERGED from com.android.support:support-v4:21.0.3:15:5
MERGED from com.github.johnpersano:supertoasts:1.3.4.1:3:5
MERGED from com.github.dmytrodanylyk.circular-progress-button:library:1.1.3:8:5
MERGED from uk.me.lewisdeane.ldialogs:ldialogs::8:5
MERGED from com.github.hotchemi:android-rate:0.4.1:6:5
MERGED from unicap:HoloGraphLibrary:unspecified:7:5
MERGED from se.emilsjolander:stickylistheaders:2.5.2:7:5
MERGED from it.neokree:MaterialNavigationDrawer:1.2.8:8:5
MERGED from com.github.markushi:android-ui:1.2:7:5
MERGED from com.android.support:appcompat-v7:21.0.3:15:5
MERGED from com.android.support:support-v4:21.0.3:15:5
MERGED from de.halfbit:tinybus:2.1.0:7:5
	tools:overrideLibrary
		ADDED from it.neokree:MaterialNavigationDrawer:1.2.8:11:9
	android:targetSdkVersion
		INJECTED from AndroidManifest.xml:0:0
		INJECTED from AndroidManifest.xml:0:0
	android:minSdkVersion
		INJECTED from AndroidManifest.xml:0:0
		INJECTED from AndroidManifest.xml:0:0